total number of words: 793
a                    4
academic             1
action               1
adapted              1
addresses            1
advanced             4
affairs              1
agrawal              1
algorithms           1
all                  1
allowed              1
also                 1
am                   4
amount               1
an                   1
and                  29
announcements        3
answering            3
any                  2
anybody              1
applications         1
appropriate          2
appt                 1
are                  5
as                   1
assignment           9
assignments          8
at                   5
austin               1
available            2
baeza                1
be                   5
behavior             1
believe              1
below                3
boolean              1
break                1
but                  2
by                   4
catalog              1
categorization       2
challenges           2
chapter              5
chapters             3
cheating             3
citations            1
class                3
classes              1
classical            1
clearly              1
closely              1
clustering           2
code                 4
collections          2
come                 1
comp                 2
compiled             1
computational        1
computer             2
conduct              1
consulted            1
correctness          1
course               11
courses              2
credit               1
cs                   1
current              1
d                    1
data                 1
database             1
decide               1
department           2
detrimental          1
dh                   2
different            1
disciplinary         1
discipline           1
discretion           1
discuss              1
documentation        1
documents            1
dr                   2
dunn                 1
dynamic              1
e                    2
each                 1
edu                  3
education            1
effectively          1
effort               1
else                 1
emphasis             1
encouraged           1
engagement           1
enrolled             1
entry                1
etc                  1
evaluation           2
exam                 1
expected             1
exposed              1
faced                1
failing              2
fall                 2
famous               1
fax                  1
final                2
find                 1
fingertips           1
first                4
fit                  1
follow               1
for                  10
form                 1
forward              1
from                 3
further              2
g                    2
general              1
get                  1
grade                3
grading              1
h                    1
hall                 1
here                 4
hours                1
hrs                  1
http                 2
if                   3
in                   13
incident             1
included             1
including            2
incurred             1
indexing             1
information          16
institute            1
instructor           3
intellectual         1
intelligent          2
interaction          1
internet             1
intro                1
introduces           1
introduction         5
ir                   6
is                   14
it                   1
jaffairs             1
judicial             1
lab                  1
lack                 1
language             2
languages            1
lateness             1
least                1
lecture              4
lectures             3
led                  1
less                 1
level                1
listed               1
literature           1
look                 1
m                    3
made                 1
maintainer           1
major                3
management           1
manning              1
material             1
materials            3
may                  2
me                   1
memphis              5
midterm              2
mihalcea             1
models               6
modern               1
monday               1
mooney               1
more                 1
much                 1
must                 1
natural              2
need                 1
neto                 1
no                   2
nontraditional       1
not                  2
notes                1
o                    1
occurs               1
of                   16
office               3
on                   7
one                  2
operations           2
or                   5
organize             1
other                2
our                  2
overload             1
own                  4
page                 3
pagerank             1
pagra                1
paper                1
paragraph            1
part                 1
participation        1
passed               1
people               1
perl                 3
permission           1
personal             1
phone                1
plagiarism           5
please               2
pm                   3
policies             1
policy               1
porter               2
posed                1
posted               1
ppt                  24
prerequisite         1
presentation         1
presentations        3
presents             1
primarily            1
problem              3
problems             1
procedures           1
processing           3
prof                 3
programming          1
project              3
projects             1
proper               2
properties           1
psyc                 1
pulin                1
quality              1
query                2
question             3
quizzes              1
r                    1
rada                 1
raghavan             1
ray                  1
read                 1
reader               1
readings             1
receive              1
recommended          3
refer                1
references           1
related              2
required             2
research             1
resources            1
retrieval            10
review               4
ribeiro              1
robustness           1
room                 1
rus                  2
s                    5
schedule             2
schutze              1
science              2
search               9
searching            1
section              1
see                  4
send                 1
sept                 1
short                1
shoud                1
should               1
similar              1
slides               2
so                   1
solution             1
solutions            1
some                 1
sources              2
standard             2
static               1
stemmer              2
student              4
students             2
style                2
submission           1
submitted            1
syllabus             1
systems              1
t                    2
ta                   4
table                1
taken                1
teaching             1
techniques           2
tentative            1
tests                1
text                 7
textbook             1
textbooks            1
the                  32
their                1
therefore            1
these                1
this                 2
times                1
title                1
tn                   1
to                   19
today                1
tolerated            1
too                  1
topic                1
topics               1
tutorial             1
u                    1
unethical            1
universities         1
university           2
unt                  1
up                   1
used                 1
ut                   1
vasile               2
vast                 1
vectorial            1
verbatim             1
vrus                 1
w                    3
wal                  1
want                 1
ways                 1
we                   3
web                  9
websearch            1
wednesday            1
week                 1
welcome              2
what                 1
when                 2
will                 3
with                 3
work                 4
written              1
www                  2
yates                1
you                  3
your                 4
